<?xml version="1.0" encoding="UTF-8"?>
<!-- Generated by org.testng.reporters.JUnitReportReporter -->
<testsuite skipped="0" hostname="NISL-TEST4" name="testcases.LoginTest" tests="1" failures="0" timestamp="31 Mar 2022 06:39:07 GMT" time="1.729" errors="0">
  <testcase name="login" time="1.729" classname="testcases.LoginTest"/>
</testsuite> <!-- testcases.LoginTest -->
