<?xml version="1.0" encoding="UTF-8"?>
<!-- Generated by org.testng.reporters.JUnitReportReporter -->
<testsuite skipped="0" hostname="NISL-TEST4" name="com.noncommercial.testcases.test" tests="1" failures="0" timestamp="30 Mar 2022 12:22:32 GMT" time="6.672" errors="0">
  <testcase name="setup" time="6.672" classname="com.noncommercial.testcases.test"/>
</testsuite> <!-- com.noncommercial.testcases.test -->
