<?xml version="1.0" encoding="UTF-8"?>
<!-- Generated by org.testng.reporters.JUnitReportReporter -->
<testsuite skipped="0" hostname="NISL-TEST4" name="tests.LoginDDTTest" tests="5" failures="0" timestamp="08 Apr 2022 18:11:32 GMT" time="3.843" errors="0">
  <testcase name="loginDDT" time="0.724" classname="tests.LoginDDTTest"/>
  <testcase name="loginDDT" time="0.699" classname="tests.LoginDDTTest"/>
  <testcase name="loginDDT" time="0.767" classname="tests.LoginDDTTest"/>
  <testcase name="loginDDT" time="0.806" classname="tests.LoginDDTTest"/>
  <testcase name="loginDDT" time="0.847" classname="tests.LoginDDTTest"/>
</testsuite> <!-- tests.LoginDDTTest -->
