<?xml version="1.0" encoding="UTF-8"?>
<!-- Generated by org.testng.reporters.JUnitReportReporter -->
<testsuite skipped="0" hostname="NISL-TEST4" name="tests.AddCustomerTest" tests="1" failures="0" timestamp="02 Apr 2022 06:13:23 GMT" time="10.341" errors="0">
  <testcase name="addcustomer" time="10.341" classname="tests.AddCustomerTest"/>
</testsuite> <!-- tests.AddCustomerTest -->
