<?xml version="1.0" encoding="UTF-8"?>
<!-- Generated by org.testng.reporters.JUnitReportReporter -->
<testsuite skipped="0" hostname="NISL-TEST4" name="tests.LoginTest" tests="1" failures="0" timestamp="02 Apr 2022 06:13:23 GMT" time="3.902" errors="0">
  <testcase name="logintest" time="3.902" classname="tests.LoginTest"/>
</testsuite> <!-- tests.LoginTest -->
