<?xml version="1.0" encoding="UTF-8"?>
<!-- Generated by org.testng.reporters.JUnitReportReporter -->
<testsuite skipped="0" hostname="NISL-TEST4" name="tests.LoginDDTTest" tests="5" failures="0" timestamp="02 Apr 2022 06:13:23 GMT" time="4.021" errors="0">
  <testcase name="loginDDT" time="0.855" classname="tests.LoginDDTTest"/>
  <testcase name="loginDDT" time="0.783" classname="tests.LoginDDTTest"/>
  <testcase name="loginDDT" time="0.843" classname="tests.LoginDDTTest"/>
  <testcase name="loginDDT" time="0.823" classname="tests.LoginDDTTest"/>
  <testcase name="loginDDT" time="0.717" classname="tests.LoginDDTTest"/>
</testsuite> <!-- tests.LoginDDTTest -->
