<?xml version="1.0" encoding="UTF-8"?>
<!-- Generated by org.testng.reporters.JUnitReportReporter -->
<testsuite skipped="0" hostname="NISL-TEST4" name="tests.LoginTest" tests="1" failures="0" timestamp="08 Apr 2022 18:11:32 GMT" time="3.929" errors="0">
  <testcase name="logintest" time="3.929" classname="tests.LoginTest"/>
</testsuite> <!-- tests.LoginTest -->
